
> backend@1.0.0 dev
> nodemon src/app.js

[33m[nodemon] 3.1.10[39m
[33m[nodemon] to restart at any time, enter `rs`[39m
[33m[nodemon] watching path(s): *.*[39m
[33m[nodemon] watching extensions: js,mjs,cjs,json[39m
[32m[nodemon] starting `node src/app.js`[39m
[dotenv@17.0.1] injecting env (8) from .env – [tip] encrypt with dotenvx: https://dotenvx.com
[dotenv@17.0.1] injecting env (0) from .env – [tip] encrypt with dotenvx: https://dotenvx.com
🚀 Server running on http://localhost:3000
📊 Health check: http://localhost:3000/health
📨 GET /
Request body: undefined
📨 POST /api/users/login
Request body: { email: 's@s.s', password: 's' }
✅ Conectat la PostgreSQL
Error fetching user by email: error: relation "users" does not exist
    at /home/cosmin/Desktop/Work/Proiecte/1_Tabel_Web_DB/backend/node_modules/pg-pool/index.js:45:11
    at process.processTicksAndRejections (node:internal/process/task_queues:95:5)
    at async User.getUserByEmail (/home/cosmin/Desktop/Work/Proiecte/1_Tabel_Web_DB/backend/src/models/User.js:41:28)
    at async login (/home/cosmin/Desktop/Work/Proiecte/1_Tabel_Web_DB/backend/src/controllers/authController.js:17:26) {
  length: 104,
  severity: 'ERROR',
  code: '42P01',
  detail: undefined,
  hint: undefined,
  position: '45',
  internalPosition: undefined,
  internalQuery: undefined,
  where: undefined,
  schema: undefined,
  table: undefined,
  column: undefined,
  dataType: undefined,
  constraint: undefined,
  file: 'parse_relation.c',
  line: '1392',
  routine: 'parserOpenTable'
}
